<?xml version="1.0" encoding="UTF-8"?>
<testsuite xmlns:xsi="http://www.w3.org/2001/XMLSchema-instance" xsi:noNamespaceSchemaLocation="https://maven.apache.org/surefire/maven-surefire-plugin/xsd/surefire-test-report-3.0.xsd" version="3.0" name="com.swp.SwpApplicationTests" time="6.667" tests="1" errors="0" skipped="0" failures="0">
  <properties>
[...]
</properties>
  <testcase name="contextLoads" classname="com.swp.SwpApplicationTests" time="0.375">
    <system-out><![CDATA[21:15:07.398 [main] INFO org.springframework.test.context.support.AnnotationConfigContextLoaderUtils -- Could not detect default configuration classes for test class [com.swp.SwpApplicationTests]: SwpApplicationTests does not declare any static, non-private, non-final, nested classes annotated with @Configuration.
21:15:07.492 [main] INFO org.springframework.boot.test.context.SpringBootTestContextBootstrapper -- Found @SpringBootConfiguration com.swp.SwpApplication for test class com.swp.SwpApplicationTests
21:15:07.648 [main] INFO org.springframework.boot.devtools.restart.RestartApplicationListener -- Restart disabled due to context in which it is running

  .   ____          _            __ _ _
 /\\ / ___'_ __ _ _(_)_ __  __ _ \ \ \ \
( ( )\___ | '_ | '_| | '_ \/ _` | \ \ \ \
 \\/  ___)| |_)| | | | | || (_| |  ) ) ) )
  '  |____| .__|_| |_|_| |_\__, | / / / /
 =========|_|==============|___/=/_/_/_/

 :: Spring Boot ::                (v3.3.1)

2024-07-12T21:15:07.870+07:00  INFO 17168 --- [swp] [           main] com.swp.SwpApplicationTests              : Starting SwpApplicationTests using Java 17.0.11 with PID 17168 (started by Admin in C:\Users\Admin\Documents\GitHub\SWP391\swp)
2024-07-12T21:15:07.870+07:00  INFO 17168 --- [swp] [           main] com.swp.SwpApplicationTests              : No active profile set, falling back to 1 default profile: "default"
2024-07-12T21:15:08.845+07:00  INFO 17168 --- [swp] [           main] .s.d.r.c.RepositoryConfigurationDelegate : Bootstrapping Spring Data JPA repositories in DEFAULT mode.
2024-07-12T21:15:08.939+07:00  INFO 17168 --- [swp] [           main] .s.d.r.c.RepositoryConfigurationDelegate : Finished Spring Data repository scanning in 89 ms. Found 12 JPA repository interfaces.
2024-07-12T21:15:09.642+07:00  INFO 17168 --- [swp] [           main] com.zaxxer.hikari.HikariDataSource       : HikariPool-1 - Starting...
2024-07-12T21:15:10.013+07:00  INFO 17168 --- [swp] [           main] com.zaxxer.hikari.pool.HikariPool        : HikariPool-1 - Added connection ConnectionID:1 ClientConnectionId: 8f44b3d8-84f7-48c9-b1a6-123d100d2027
2024-07-12T21:15:10.015+07:00  INFO 17168 --- [swp] [           main] com.zaxxer.hikari.HikariDataSource       : HikariPool-1 - Start completed.
2024-07-12T21:15:10.056+07:00  INFO 17168 --- [swp] [           main] o.hibernate.jpa.internal.util.LogHelper  : HHH000204: Processing PersistenceUnitInfo [name: default]
2024-07-12T21:15:10.119+07:00  INFO 17168 --- [swp] [           main] org.hibernate.Version                    : HHH000412: Hibernate ORM core version 6.5.2.Final
2024-07-12T21:15:10.159+07:00  INFO 17168 --- [swp] [           main] o.h.c.internal.RegionFactoryInitiator    : HHH000026: Second-level cache disabled
2024-07-12T21:15:10.242+07:00 DEBUG 17168 --- [swp] [           main] org.hibernate.type.BasicTypeRegistry     : Adding type registration boolean -> org.hibernate.type.BasicTypeReference@45dc7be
2024-07-12T21:15:10.242+07:00 DEBUG 17168 --- [swp] [           main] org.hibernate.type.BasicTypeRegistry     : Adding type registration boolean -> org.hibernate.type.BasicTypeReference@45dc7be
2024-07-12T21:15:10.242+07:00 DEBUG 17168 --- [swp] [           main] org.hibernate.type.BasicTypeRegistry     : Adding type registration java.lang.Boolean -> org.hibernate.type.BasicTypeReference@45dc7be
2024-07-12T21:15:10.242+07:00 DEBUG 17168 --- [swp] [           main] org.hibernate.type.BasicTypeRegistry     : Adding type registration numeric_boolean -> org.hibernate.type.BasicTypeReference@2d459bda
2024-07-12T21:15:10.242+07:00 DEBUG 17168 --- [swp] [           main] org.hibernate.type.BasicTypeRegistry     : Adding type registration org.hibernate.type.NumericBooleanConverter -> org.hibernate.type.BasicTypeReference@2d459bda
2024-07-12T21:15:10.242+07:00 DEBUG 17168 --- [swp] [           main] org.hibernate.type.BasicTypeRegistry     : Adding type registration true_false -> org.hibernate.type.BasicTypeReference@6ceb11f9
2024-07-12T21:15:10.242+07:00 DEBUG 17168 --- [swp] [           main] org.hibernate.type.BasicTypeRegistry     : Adding type registration org.hibernate.type.TrueFalseConverter -> org.hibernate.type.BasicTypeReference@6ceb11f9
2024-07-12T21:15:10.242+07:00 DEBUG 17168 --- [swp] [           main] org.hibernate.type.BasicTypeRegistry     : Adding type registration yes_no -> org.hibernate.type.BasicTypeReference@4d664323
2024-07-12T21:15:10.242+07:00 DEBUG 17168 --- [swp] [           main] org.hibernate.type.BasicTypeRegistry     : Adding type registration org.hibernate.type.YesNoConverter -> org.hibernate.type.BasicTypeReference@4d664323
2024-07-12T21:15:10.242+07:00 DEBUG 17168 --- [swp] [           main] org.hibernate.type.BasicTypeRegistry     : Adding type registration byte -> org.hibernate.type.BasicTypeReference@27ec0d06
2024-07-12T21:15:10.242+07:00 DEBUG 17168 --- [swp] [           main] org.hibernate.type.BasicTypeRegistry     : Adding type registration byte -> org.hibernate.type.BasicTypeReference@27ec0d06
2024-07-12T21:15:10.243+07:00 DEBUG 17168 --- [swp] [           main] org.hibernate.type.BasicTypeRegistry     : Adding type registration java.lang.Byte -> org.hibernate.type.BasicTypeReference@27ec0d06
2024-07-12T21:15:10.244+07:00 DEBUG 17168 --- [swp] [           main] org.hibernate.type.BasicTypeRegistry     : Adding type registration binary -> org.hibernate.type.BasicTypeReference@2676d96a
2024-07-12T21:15:10.244+07:00 DEBUG 17168 --- [swp] [           main] org.hibernate.type.BasicTypeRegistry     : Adding type registration byte[] -> org.hibernate.type.BasicTypeReference@2676d96a
2024-07-12T21:15:10.244+07:00 DEBUG 17168 --- [swp] [           main] org.hibernate.type.BasicTypeRegistry     : Adding type registration [B -> org.hibernate.type.BasicTypeReference@2676d96a
2024-07-12T21:15:10.244+07:00 DEBUG 17168 --- [swp] [           main] org.hibernate.type.BasicTypeRegistry     : Adding type registration binary_wrapper -> org.hibernate.type.BasicTypeReference@2a65e237
2024-07-12T21:15:10.244+07:00 DEBUG 17168 --- [swp] [           main] org.hibernate.type.BasicTypeRegistry     : Adding type registration wrapper-binary -> org.hibernate.type.BasicTypeReference@2a65e237
2024-07-12T21:15:10.244+07:00 DEBUG 17168 --- [swp] [           main] org.hibernate.type.BasicTypeRegistry     : Adding type registration image -> org.hibernate.type.BasicTypeReference@3a48c398
2024-07-12T21:15:10.244+07:00 DEBUG 17168 --- [swp] [           main] org.hibernate.type.BasicTypeRegistry     : Adding type registration blob -> org.hibernate.type.BasicTypeReference@1b4ba615
2024-07-12T21:15:10.244+07:00 DEBUG 17168 --- [swp] [           main] org.hibernate.type.BasicTypeRegistry     : Adding type registration java.sql.Blob -> org.hibernate.type.BasicTypeReference@1b4ba615
2024-07-12T21:15:10.244+07:00 DEBUG 17168 --- [swp] [           main] org.hibernate.type.BasicTypeRegistry     : Adding type registration materialized_blob -> org.hibernate.type.BasicTypeReference@4407b042
2024-07-12T21:15:10.244+07:00 DEBUG 17168 --- [swp] [           main] org.hibernate.type.BasicTypeRegistry     : Adding type registration materialized_blob_wrapper -> org.hibernate.type.BasicTypeReference@41f686af
2024-07-12T21:15:10.244+07:00 DEBUG 17168 --- [swp] [           main] org.hibernate.type.BasicTypeRegistry     : Adding type registration short -> org.hibernate.type.BasicTypeReference@3dded90a
2024-07-12T21:15:10.244+07:00 DEBUG 17168 --- [swp] [           main] org.hibernate.type.BasicTypeRegistry     : Adding type registration short -> org.hibernate.type.BasicTypeReference@3dded90a
2024-07-12T21:15:10.244+07:00 DEBUG 17168 --- [swp] [           main] org.hibernate.type.BasicTypeRegistry     : Adding type registration java.lang.Short -> org.hibernate.type.BasicTypeReference@3dded90a
2024-07-12T21:15:10.244+07:00 DEBUG 17168 --- [swp] [           main] org.hibernate.type.BasicTypeRegistry     : Adding type registration integer -> org.hibernate.type.BasicTypeReference@7be3abaa
2024-07-12T21:15:10.244+07:00 DEBUG 17168 --- [swp] [           main] org.hibernate.type.BasicTypeRegistry     : Adding type registration int -> org.hibernate.type.BasicTypeReference@7be3abaa
2024-07-12T21:15:10.244+07:00 DEBUG 17168 --- [swp] [           main] org.hibernate.type.BasicTypeRegistry     : Adding type registration java.lang.Integer -> org.hibernate.type.BasicTypeReference@7be3abaa
2024-07-12T21:15:10.244+07:00 DEBUG 17168 --- [swp] [           main] org.hibernate.type.BasicTypeRegistry     : Adding type registration long -> org.hibernate.type.BasicTypeReference@29f8134
2024-07-12T21:15:10.244+07:00 DEBUG 17168 --- [swp] [           main] org.hibernate.type.BasicTypeRegistry     : Adding type registration long -> org.hibernate.type.BasicTypeReference@29f8134
2024-07-12T21:15:10.244+07:00 DEBUG 17168 --- [swp] [           main] org.hibernate.type.BasicTypeRegistry     : Adding type registration java.lang.Long -> org.hibernate.type.BasicTypeReference@29f8134
2024-07-12T21:15:10.244+07:00 DEBUG 17168 --- [swp] [           main] org.hibernate.type.BasicTypeRegistry     : Adding type registration float -> org.hibernate.type.BasicTypeReference@77a9ac36
2024-07-12T21:15:10.244+07:00 DEBUG 17168 --- [swp] [           main] org.hibernate.type.BasicTypeRegistry     : Adding type registration float -> org.hibernate.type.BasicTypeReference@77a9ac36
2024-07-12T21:15:10.244+07:00 DEBUG 17168 --- [swp] [           main] org.hibernate.type.BasicTypeRegistry     : Adding type registration java.lang.Float -> org.hibernate.type.BasicTypeReference@77a9ac36
2024-07-12T21:15:10.244+07:00 DEBUG 17168 --- [swp] [           main] org.hibernate.type.BasicTypeRegistry     : Adding type registration double -> org.hibernate.type.BasicTypeReference@3c743d40
2024-07-12T21:15:10.244+07:00 DEBUG 17168 --- [swp] [           main] org.hibernate.type.BasicTypeRegistry     : Adding type registration double -> org.hibernate.type.BasicTypeReference@3c743d40
2024-07-12T21:15:10.244+07:00 DEBUG 17168 --- [swp] [           main] org.hibernate.type.BasicTypeRegistry     : Adding type registration java.lang.Double -> org.hibernate.type.BasicTypeReference@3c743d40
2024-07-12T21:15:10.244+07:00 DEBUG 17168 --- [swp] [           main] org.hibernate.type.BasicTypeRegistry     : Adding type registration big_integer -> org.hibernate.type.BasicTypeReference@5aac6f9f
2024-07-12T21:15:10.244+07:00 DEBUG 17168 --- [swp] [           main] org.hibernate.type.BasicTypeRegistry     : Adding type registration java.math.BigInteger -> org.hibernate.type.BasicTypeReference@5aac6f9f
2024-07-12T21:15:10.244+07:00 DEBUG 17168 --- [swp] [           main] org.hibernate.type.BasicTypeRegistry     : Adding type registration big_decimal -> org.hibernate.type.BasicTypeReference@2444c3df
2024-07-12T21:15:10.244+07:00 DEBUG 17168 --- [swp] [           main] org.hibernate.type.BasicTypeRegistry     : Adding type registration java.math.BigDecimal -> org.hibernate.type.BasicTypeReference@2444c3df
2024-07-12T21:15:10.244+07:00 DEBUG 17168 --- [swp] [           main] org.hibernate.type.BasicTypeRegistry     : Adding type registration character -> org.hibernate.type.BasicTypeReference@1eb6037d
2024-07-12T21:15:10.244+07:00 DEBUG 17168 --- [swp] [           main] org.hibernate.type.BasicTypeRegistry     : Adding type registration char -> org.hibernate.type.BasicTypeReference@1eb6037d
2024-07-12T21:15:10.244+07:00 DEBUG 17168 --- [swp] [           main] org.hibernate.type.BasicTypeRegistry     : Adding type registration java.lang.Character -> org.hibernate.type.BasicTypeReference@1eb6037d
2024-07-12T21:15:10.244+07:00 DEBUG 17168 --- [swp] [           main] org.hibernate.type.BasicTypeRegistry     : Adding type registration character_nchar -> org.hibernate.type.BasicTypeReference@335b3d6
2024-07-12T21:15:10.244+07:00 DEBUG 17168 --- [swp] [           main] org.hibernate.type.BasicTypeRegistry     : Adding type registration string -> org.hibernate.type.BasicTypeReference@3a5ce4b8
2024-07-12T21:15:10.244+07:00 DEBUG 17168 --- [swp] [           main] org.hibernate.type.BasicTypeRegistry     : Adding type registration java.lang.String -> org.hibernate.type.BasicTypeReference@3a5ce4b8
2024-07-12T21:15:10.244+07:00 DEBUG 17168 --- [swp] [           main] org.hibernate.type.BasicTypeRegistry     : Adding type registration nstring -> org.hibernate.type.BasicTypeReference@38848217
2024-07-12T21:15:10.244+07:00 DEBUG 17168 --- [swp] [           main] org.hibernate.type.BasicTypeRegistry     : Adding type registration characters -> org.hibernate.type.BasicTypeReference@1607d391
2024-07-12T21:15:10.244+07:00 DEBUG 17168 --- [swp] [           main] org.hibernate.type.BasicTypeRegistry     : Adding type registration char[] -> org.hibernate.type.BasicTypeReference@1607d391
2024-07-12T21:15:10.244+07:00 DEBUG 17168 --- [swp] [           main] org.hibernate.type.BasicTypeRegistry     : Adding type registration [C -> org.hibernate.type.BasicTypeReference@1607d391
2024-07-12T21:15:10.244+07:00 DEBUG 17168 --- [swp] [           main] org.hibernate.type.BasicTypeRegistry     : Adding type registration wrapper-characters -> org.hibernate.type.BasicTypeReference@38826984
2024-07-12T21:15:10.244+07:00 DEBUG 17168 --- [swp] [           main] org.hibernate.type.BasicTypeRegistry     : Adding type registration text -> org.hibernate.type.BasicTypeReference@65262308
2024-07-12T21:15:10.244+07:00 DEBUG 17168 --- [swp] [           main] org.hibernate.type.BasicTypeRegistry     : Adding type registration ntext -> org.hibernate.type.BasicTypeReference@792e8181
2024-07-12T21:15:10.244+07:00 DEBUG 17168 --- [swp] [           main] org.hibernate.type.BasicTypeRegistry     : Adding type registration clob -> org.hibernate.type.BasicTypeReference@511d5e6e
2024-07-12T21:15:10.244+07:00 DEBUG 17168 --- [swp] [           main] org.hibernate.type.BasicTypeRegistry     : Adding type registration java.sql.Clob -> org.hibernate.type.BasicTypeReference@511d5e6e
2024-07-12T21:15:10.244+07:00 DEBUG 17168 --- [swp] [           main] org.hibernate.type.BasicTypeRegistry     : Adding type registration nclob -> org.hibernate.type.BasicTypeReference@7a78d380
2024-07-12T21:15:10.244+07:00 DEBUG 17168 --- [swp] [           main] org.hibernate.type.BasicTypeRegistry     : Adding type registration java.sql.NClob -> org.hibernate.type.BasicTypeReference@7a78d380
2024-07-12T21:15:10.244+07:00 DEBUG 17168 --- [swp] [           main] org.hibernate.type.BasicTypeRegistry     : Adding type registration materialized_clob -> org.hibernate.type.BasicTypeReference@2e1291a4
2024-07-12T21:15:10.244+07:00 DEBUG 17168 --- [swp] [           main] org.hibernate.type.BasicTypeRegistry     : Adding type registration materialized_clob_char_array -> org.hibernate.type.BasicTypeReference@23bd2f6e
2024-07-12T21:15:10.244+07:00 DEBUG 17168 --- [swp] [           main] org.hibernate.type.BasicTypeRegistry     : Adding type registration materialized_clob_character_array -> org.hibernate.type.BasicTypeReference@18e8eb59
2024-07-12T21:15:10.244+07:00 DEBUG 17168 --- [swp] [           main] org.hibernate.type.BasicTypeRegistry     : Adding type registration materialized_nclob -> org.hibernate.type.BasicTypeReference@2430cf17
2024-07-12T21:15:10.244+07:00 DEBUG 17168 --- [swp] [           main] org.hibernate.type.BasicTypeRegistry     : Adding type registration materialized_nclob_character_array -> org.hibernate.type.BasicTypeReference@1e95f584
2024-07-12T21:15:10.244+07:00 DEBUG 17168 --- [swp] [           main] org.hibernate.type.BasicTypeRegistry     : Adding type registration materialized_nclob_char_array -> org.hibernate.type.BasicTypeReference@54997f67
2024-07-12T21:15:10.244+07:00 DEBUG 17168 --- [swp] [           main] org.hibernate.type.BasicTypeRegistry     : Adding type registration Duration -> org.hibernate.type.BasicTypeReference@bf4e48e
2024-07-12T21:15:10.244+07:00 DEBUG 17168 --- [swp] [           main] org.hibernate.type.BasicTypeRegistry     : Adding type registration java.time.Duration -> org.hibernate.type.BasicTypeReference@bf4e48e
2024-07-12T21:15:10.244+07:00 DEBUG 17168 --- [swp] [           main] org.hibernate.type.BasicTypeRegistry     : Adding type registration LocalDateTime -> org.hibernate.type.BasicTypeReference@299eca90
2024-07-12T21:15:10.244+07:00 DEBUG 17168 --- [swp] [           main] org.hibernate.type.BasicTypeRegistry     : Adding type registration java.time.LocalDateTime -> org.hibernate.type.BasicTypeReference@299eca90
2024-07-12T21:15:10.244+07:00 DEBUG 17168 --- [swp] [           main] org.hibernate.type.BasicTypeRegistry     : Adding type registration LocalDate -> org.hibernate.type.BasicTypeReference@189633f2
2024-07-12T21:15:10.244+07:00 DEBUG 17168 --- [swp] [           main] org.hibernate.type.BasicTypeRegistry     : Adding type registration java.time.LocalDate -> org.hibernate.type.BasicTypeReference@189633f2
2024-07-12T21:15:10.244+07:00 DEBUG 17168 --- [swp] [           main] org.hibernate.type.BasicTypeRegistry     : Adding type registration LocalTime -> org.hibernate.type.BasicTypeReference@76b05c0
2024-07-12T21:15:10.244+07:00 DEBUG 17168 --- [swp] [           main] org.hibernate.type.BasicTypeRegistry     : Adding type registration java.time.LocalTime -> org.hibernate.type.BasicTypeReference@76b05c0
2024-07-12T21:15:10.244+07:00 DEBUG 17168 --- [swp] [           main] org.hibernate.type.BasicTypeRegistry     : Adding type registration OffsetDateTime -> org.hibernate.type.BasicTypeReference@2b974137
2024-07-12T21:15:10.244+07:00 DEBUG 17168 --- [swp] [           main] org.hibernate.type.BasicTypeRegistry     : Adding type registration java.time.OffsetDateTime -> org.hibernate.type.BasicTypeReference@2b974137
2024-07-12T21:15:10.244+07:00 DEBUG 17168 --- [swp] [           main] org.hibernate.type.BasicTypeRegistry     : Adding type registration OffsetDateTimeWithTimezone -> org.hibernate.type.BasicTypeReference@7402c49f
2024-07-12T21:15:10.244+07:00 DEBUG 17168 --- [swp] [           main] org.hibernate.type.BasicTypeRegistry     : Adding type registration OffsetDateTimeWithoutTimezone -> org.hibernate.type.BasicTypeReference@5d22604e
2024-07-12T21:15:10.244+07:00 DEBUG 17168 --- [swp] [           main] org.hibernate.type.BasicTypeRegistry     : Adding type registration OffsetTime -> org.hibernate.type.BasicTypeReference@2382b2f
2024-07-12T21:15:10.244+07:00 DEBUG 17168 --- [swp] [           main] org.hibernate.type.BasicTypeRegistry     : Adding type registration java.time.OffsetTime -> org.hibernate.type.BasicTypeReference@2382b2f
2024-07-12T21:15:10.244+07:00 DEBUG 17168 --- [swp] [           main] org.hibernate.type.BasicTypeRegistry     : Adding type registration OffsetTimeUtc -> org.hibernate.type.BasicTypeReference@13374ca6
2024-07-12T21:15:10.244+07:00 DEBUG 17168 --- [swp] [           main] org.hibernate.type.BasicTypeRegistry     : Adding type registration OffsetTimeWithTimezone -> org.hibernate.type.BasicTypeReference@71734463
2024-07-12T21:15:10.244+07:00 DEBUG 17168 --- [swp] [           main] org.hibernate.type.BasicTypeRegistry     : Adding type registration OffsetTimeWithoutTimezone -> org.hibernate.type.BasicTypeReference@3f1d6a13
2024-07-12T21:15:10.244+07:00 DEBUG 17168 --- [swp] [           main] org.hibernate.type.BasicTypeRegistry     : Adding type registration ZonedDateTime -> org.hibernate.type.BasicTypeReference@7cbf4f8c
2024-07-12T21:15:10.244+07:00 DEBUG 17168 --- [swp] [           main] org.hibernate.type.BasicTypeRegistry     : Adding type registration java.time.ZonedDateTime -> org.hibernate.type.BasicTypeReference@7cbf4f8c
2024-07-12T21:15:10.244+07:00 DEBUG 17168 --- [swp] [           main] org.hibernate.type.BasicTypeRegistry     : Adding type registration ZonedDateTimeWithTimezone -> org.hibernate.type.BasicTypeReference@55c46ec1
2024-07-12T21:15:10.244+07:00 DEBUG 17168 --- [swp] [           main] org.hibernate.type.BasicTypeRegistry     : Adding type registration ZonedDateTimeWithoutTimezone -> org.hibernate.type.BasicTypeReference@3eff6846
2024-07-12T21:15:10.244+07:00 DEBUG 17168 --- [swp] [           main] org.hibernate.type.BasicTypeRegistry     : Adding type registration date -> org.hibernate.type.BasicTypeReference@6ae6d078
2024-07-12T21:15:10.244+07:00 DEBUG 17168 --- [swp] [           main] org.hibernate.type.BasicTypeRegistry     : Adding type registration java.sql.Date -> org.hibernate.type.BasicTypeReference@6ae6d078
2024-07-12T21:15:10.244+07:00 DEBUG 17168 --- [swp] [           main] org.hibernate.type.BasicTypeRegistry     : Adding type registration time -> org.hibernate.type.BasicTypeReference@6ca33187
2024-07-12T21:15:10.249+07:00 DEBUG 17168 --- [swp] [           main] org.hibernate.type.BasicTypeRegistry     : Adding type registration java.sql.Time -> org.hibernate.type.BasicTypeReference@6ca33187
2024-07-12T21:15:10.249+07:00 DEBUG 17168 --- [swp] [           main] org.hibernate.type.BasicTypeRegistry     : Adding type registration timestamp -> org.hibernate.type.BasicTypeReference@1a67f8b4
2024-07-12T21:15:10.249+07:00 DEBUG 17168 --- [swp] [           main] org.hibernate.type.BasicTypeRegistry     : Adding type registration java.sql.Timestamp -> org.hibernate.type.BasicTypeReference@1a67f8b4
2024-07-12T21:15:10.249+07:00 DEBUG 17168 --- [swp] [           main] org.hibernate.type.BasicTypeRegistry     : Adding type registration java.util.Date -> org.hibernate.type.BasicTypeReference@1a67f8b4
2024-07-12T21:15:10.249+07:00 DEBUG 17168 --- [swp] [           main] org.hibernate.type.BasicTypeRegistry     : Adding type registration calendar -> org.hibernate.type.BasicTypeReference@5f1f0ee6
2024-07-12T21:15:10.249+07:00 DEBUG 17168 --- [swp] [           main] org.hibernate.type.BasicTypeRegistry     : Adding type registration java.util.Calendar -> org.hibernate.type.BasicTypeReference@5f1f0ee6
2024-07-12T21:15:10.249+07:00 DEBUG 17168 --- [swp] [           main] org.hibernate.type.BasicTypeRegistry     : Adding type registration java.util.GregorianCalendar -> org.hibernate.type.BasicTypeReference@5f1f0ee6
2024-07-12T21:15:10.249+07:00 DEBUG 17168 --- [swp] [           main] org.hibernate.type.BasicTypeRegistry     : Adding type registration calendar_date -> org.hibernate.type.BasicTypeReference@326706d
2024-07-12T21:15:10.249+07:00 DEBUG 17168 --- [swp] [           main] org.hibernate.type.BasicTypeRegistry     : Adding type registration calendar_time -> org.hibernate.type.BasicTypeReference@76fc5687
2024-07-12T21:15:10.249+07:00 DEBUG 17168 --- [swp] [           main] org.hibernate.type.BasicTypeRegistry     : Adding type registration instant -> org.hibernate.type.BasicTypeReference@53fbb2b4
2024-07-12T21:15:10.249+07:00 DEBUG 17168 --- [swp] [           main] org.hibernate.type.BasicTypeRegistry     : Adding type registration java.time.Instant -> org.hibernate.type.BasicTypeReference@53fbb2b4
2024-07-12T21:15:10.249+07:00 DEBUG 17168 --- [swp] [           main] org.hibernate.type.BasicTypeRegistry     : Adding type registration uuid -> org.hibernate.type.BasicTypeReference@7434ee13
2024-07-12T21:15:10.249+07:00 DEBUG 17168 --- [swp] [           main] org.hibernate.type.BasicTypeRegistry     : Adding type registration java.util.UUID -> org.hibernate.type.BasicTypeReference@7434ee13
2024-07-12T21:15:10.249+07:00 DEBUG 17168 --- [swp] [           main] org.hibernate.type.BasicTypeRegistry     : Adding type registration pg-uuid -> org.hibernate.type.BasicTypeReference@7434ee13
2024-07-12T21:15:10.249+07:00 DEBUG 17168 --- [swp] [           main] org.hibernate.type.BasicTypeRegistry     : Adding type registration uuid-binary -> org.hibernate.type.BasicTypeReference@44a14de0
2024-07-12T21:15:10.249+07:00 DEBUG 17168 --- [swp] [           main] org.hibernate.type.BasicTypeRegistry     : Adding type registration uuid-char -> org.hibernate.type.BasicTypeReference@50fd739d
2024-07-12T21:15:10.249+07:00 DEBUG 17168 --- [swp] [           main] org.hibernate.type.BasicTypeRegistry     : Adding type registration class -> org.hibernate.type.BasicTypeReference@5e1d1524
2024-07-12T21:15:10.249+07:00 DEBUG 17168 --- [swp] [           main] org.hibernate.type.BasicTypeRegistry     : Adding type registration java.lang.Class -> org.hibernate.type.BasicTypeReference@5e1d1524
2024-07-12T21:15:10.249+07:00 DEBUG 17168 --- [swp] [           main] org.hibernate.type.BasicTypeRegistry     : Adding type registration currency -> org.hibernate.type.BasicTypeReference@d0a2c82
2024-07-12T21:15:10.249+07:00 DEBUG 17168 --- [swp] [           main] org.hibernate.type.BasicTypeRegistry     : Adding type registration Currency -> org.hibernate.type.BasicTypeReference@d0a2c82
2024-07-12T21:15:10.249+07:00 DEBUG 17168 --- [swp] [           main] org.hibernate.type.BasicTypeRegistry     : Adding type registration java.util.Currency -> org.hibernate.type.BasicTypeReference@d0a2c82
2024-07-12T21:15:10.249+07:00 DEBUG 17168 --- [swp] [           main] org.hibernate.type.BasicTypeRegistry     : Adding type registration locale -> org.hibernate.type.BasicTypeReference@430aae8e
2024-07-12T21:15:10.249+07:00 DEBUG 17168 --- [swp] [           main] org.hibernate.type.BasicTypeRegistry     : Adding type registration java.util.Locale -> org.hibernate.type.BasicTypeReference@430aae8e
2024-07-12T21:15:10.249+07:00 DEBUG 17168 --- [swp] [           main] org.hibernate.type.BasicTypeRegistry     : Adding type registration serializable -> org.hibernate.type.BasicTypeReference@78504ce9
2024-07-12T21:15:10.249+07:00 DEBUG 17168 --- [swp] [           main] org.hibernate.type.BasicTypeRegistry     : Adding type registration java.io.Serializable -> org.hibernate.type.BasicTypeReference@78504ce9
2024-07-12T21:15:10.249+07:00 DEBUG 17168 --- [swp] [           main] org.hibernate.type.BasicTypeRegistry     : Adding type registration timezone -> org.hibernate.type.BasicTypeReference@4e52d2f2
2024-07-12T21:15:10.249+07:00 DEBUG 17168 --- [swp] [           main] org.hibernate.type.BasicTypeRegistry     : Adding type registration java.util.TimeZone -> org.hibernate.type.BasicTypeReference@4e52d2f2
2024-07-12T21:15:10.249+07:00 DEBUG 17168 --- [swp] [           main] org.hibernate.type.BasicTypeRegistry     : Adding type registration ZoneOffset -> org.hibernate.type.BasicTypeReference@12608986
2024-07-12T21:15:10.250+07:00 DEBUG 17168 --- [swp] [           main] org.hibernate.type.BasicTypeRegistry     : Adding type registration java.time.ZoneOffset -> org.hibernate.type.BasicTypeReference@12608986
2024-07-12T21:15:10.250+07:00 DEBUG 17168 --- [swp] [           main] org.hibernate.type.BasicTypeRegistry     : Adding type registration url -> org.hibernate.type.BasicTypeReference@4882b9a
2024-07-12T21:15:10.250+07:00 DEBUG 17168 --- [swp] [           main] org.hibernate.type.BasicTypeRegistry     : Adding type registration java.net.URL -> org.hibernate.type.BasicTypeReference@4882b9a
2024-07-12T21:15:10.250+07:00 DEBUG 17168 --- [swp] [           main] org.hibernate.type.BasicTypeRegistry     : Adding type registration vector -> org.hibernate.type.BasicTypeReference@7ec508e6
2024-07-12T21:15:10.250+07:00 DEBUG 17168 --- [swp] [           main] org.hibernate.type.BasicTypeRegistry     : Adding type registration row_version -> org.hibernate.type.BasicTypeReference@26d8908e
2024-07-12T21:15:10.251+07:00 DEBUG 17168 --- [swp] [           main] org.hibernate.type.BasicTypeRegistry     : Adding type registration object -> org.hibernate.type.JavaObjectType@4213bc3e
2024-07-12T21:15:10.251+07:00 DEBUG 17168 --- [swp] [           main] org.hibernate.type.BasicTypeRegistry     : Adding type registration java.lang.Object -> org.hibernate.type.JavaObjectType@4213bc3e
2024-07-12T21:15:10.256+07:00 DEBUG 17168 --- [swp] [           main] org.hibernate.type.BasicTypeRegistry     : Adding type registration null -> org.hibernate.type.NullType@f793f15
2024-07-12T21:15:10.256+07:00 DEBUG 17168 --- [swp] [           main] org.hibernate.type.BasicTypeRegistry     : Adding type registration imm_date -> org.hibernate.type.BasicTypeReference@3ec7eb5
2024-07-12T21:15:10.256+07:00 DEBUG 17168 --- [swp] [           main] org.hibernate.type.BasicTypeRegistry     : Adding type registration imm_time -> org.hibernate.type.BasicTypeReference@5534e6f1
2024-07-12T21:15:10.256+07:00 DEBUG 17168 --- [swp] [           main] org.hibernate.type.BasicTypeRegistry     : Adding type registration imm_timestamp -> org.hibernate.type.BasicTypeReference@4c6fc3e7
2024-07-12T21:15:10.256+07:00 DEBUG 17168 --- [swp] [           main] org.hibernate.type.BasicTypeRegistry     : Adding type registration imm_calendar -> org.hibernate.type.BasicTypeReference@aa8dce8
2024-07-12T21:15:10.256+07:00 DEBUG 17168 --- [swp] [           main] org.hibernate.type.BasicTypeRegistry     : Adding type registration imm_calendar_date -> org.hibernate.type.BasicTypeReference@6ad112de
2024-07-12T21:15:10.256+07:00 DEBUG 17168 --- [swp] [           main] org.hibernate.type.BasicTypeRegistry     : Adding type registration imm_calendar_time -> org.hibernate.type.BasicTypeReference@18a0721b
2024-07-12T21:15:10.256+07:00 DEBUG 17168 --- [swp] [           main] org.hibernate.type.BasicTypeRegistry     : Adding type registration imm_binary -> org.hibernate.type.BasicTypeReference@2ae2fa13
2024-07-12T21:15:10.256+07:00 DEBUG 17168 --- [swp] [           main] org.hibernate.type.BasicTypeRegistry     : Adding type registration imm_serializable -> org.hibernate.type.BasicTypeReference@66e12c3b
2024-07-12T21:15:10.481+07:00  INFO 17168 --- [swp] [           main] o.s.o.j.p.SpringPersistenceUnitInfo      : No LoadTimeWeaver setup: ignoring JPA class transformer
2024-07-12T21:15:10.557+07:00 DEBUG 17168 --- [swp] [           main] o.h.t.d.jdbc.spi.JdbcTypeRegistry        : addDescriptor(NCharTypeDescriptor) replaced previous registration(CharTypeDescriptor)
2024-07-12T21:15:10.557+07:00 DEBUG 17168 --- [swp] [           main] o.h.t.d.jdbc.spi.JdbcTypeRegistry        : addDescriptor(NVarcharTypeDescriptor) replaced previous registration(VarcharTypeDescriptor)
2024-07-12T21:15:10.557+07:00 DEBUG 17168 --- [swp] [           main] o.h.t.d.jdbc.spi.JdbcTypeRegistry        : addDescriptor(LongNVarcharTypeDescriptor) replaced previous registration(LongVarcharTypeDescriptor)
2024-07-12T21:15:10.557+07:00 DEBUG 17168 --- [swp] [           main] o.h.t.d.jdbc.spi.JdbcTypeRegistry        : addDescriptor(NClobTypeDescriptor(DEFAULT)) replaced previous registration(ClobTypeDescriptor(DEFAULT))
2024-07-12T21:15:10.557+07:00 DEBUG 17168 --- [swp] [           main] o.h.t.d.jdbc.spi.JdbcTypeRegistry        : addDescriptor(2005, ClobTypeDescriptor(STREAM_BINDING)) replaced previous registration(ClobTypeDescriptor(DEFAULT))
2024-07-12T21:15:10.557+07:00 DEBUG 17168 --- [swp] [           main] o.h.t.d.jdbc.spi.JdbcTypeRegistry        : addDescriptor(TimestampUtcDescriptor) replaced previous registration(TimestampUtcDescriptor)
2024-07-12T21:15:10.557+07:00 DEBUG 17168 --- [swp] [           main] o.h.t.d.jdbc.spi.JdbcTypeRegistry        : addDescriptor(-6, TinyIntTypeDescriptor) replaced previous registration(TinyIntTypeDescriptor)
2024-07-12T21:15:10.564+07:00 DEBUG 17168 --- [swp] [           main] org.hibernate.type.BasicTypeRegistry     : Adding type registration org.hibernate.type.DurationType -> basicType@1(java.time.Duration,3015)
2024-07-12T21:15:10.564+07:00 DEBUG 17168 --- [swp] [           main] org.hibernate.type.BasicTypeRegistry     : Adding type registration Duration -> basicType@1(java.time.Duration,3015)
2024-07-12T21:15:10.564+07:00 DEBUG 17168 --- [swp] [           main] org.hibernate.type.BasicTypeRegistry     : Adding type registration java.time.Duration -> basicType@1(java.time.Duration,3015)
2024-07-12T21:15:10.564+07:00 DEBUG 17168 --- [swp] [           main] o.h.type.spi.TypeConfiguration$Scope     : Scoping TypeConfiguration [org.hibernate.type.spi.TypeConfiguration@2459333a] to MetadataBuildingContext [org.hibernate.boot.internal.MetadataBuildingContextRootImpl@1e6bd367]
2024-07-12T21:15:11.487+07:00  INFO 17168 --- [swp] [           main] o.h.e.t.j.p.i.JtaPlatformInitiator       : HHH000489: No JTA platform available (set 'hibernate.transaction.jta.platform' to enable JTA platform integration)
2024-07-12T21:15:11.487+07:00 DEBUG 17168 --- [swp] [           main] o.h.type.spi.TypeConfiguration$Scope     : Scoping TypeConfiguration [org.hibernate.type.spi.TypeConfiguration@2459333a] to SessionFactoryImplementor [org.hibernate.internal.SessionFactoryImpl@3ba6707e]
2024-07-12T21:15:11.502+07:00 TRACE 17168 --- [swp] [           main] o.h.type.spi.TypeConfiguration$Scope     : Handling #sessionFactoryCreated from [org.hibernate.internal.SessionFactoryImpl@3ba6707e] for TypeConfiguration
2024-07-12T21:15:11.502+07:00  INFO 17168 --- [swp] [           main] j.LocalContainerEntityManagerFactoryBean : Initialized JPA EntityManagerFactory for persistence unit 'default'
2024-07-12T21:15:11.846+07:00  INFO 17168 --- [swp] [           main] o.s.d.j.r.query.QueryEnhancerFactory     : Hibernate is in classpath; If applicable, HQL parser will be used.
2024-07-12T21:15:12.237+07:00  WARN 17168 --- [swp] [           main] JpaBaseConfiguration$JpaWebConfiguration : spring.jpa.open-in-view is enabled by default. Therefore, database queries may be performed during view rendering. Explicitly configure spring.jpa.open-in-view to disable this warning
2024-07-12T21:15:12.268+07:00  INFO 17168 --- [swp] [           main] eAuthenticationProviderManagerConfigurer : Global AuthenticationManager configured with AuthenticationProvider bean with name authenticationProvider
2024-07-12T21:15:12.268+07:00  WARN 17168 --- [swp] [           main] r$InitializeUserDetailsManagerConfigurer : Global AuthenticationManager configured with an AuthenticationProvider bean. UserDetailsService beans will not be used for username/password login. Consider removing the AuthenticationProvider bean. Alternatively, consider using the UserDetailsService in a manually instantiated DaoAuthenticationProvider.
2024-07-12T21:15:12.830+07:00  INFO 17168 --- [swp] [           main] o.s.b.a.e.web.EndpointLinksResolver      : Exposing 1 endpoint beneath base path '/actuator'
2024-07-12T21:15:13.502+07:00  INFO 17168 --- [swp] [           main] com.swp.SwpApplicationTests              : Started SwpApplicationTests in 5.87 seconds (process running for 6.716)
]]></system-out>
  </testcase>
</testsuite>